<?xml version="1.0" encoding="UTF-8"?>
<!-- Generated by org.testng.reporters.JUnitReportReporter -->
<testsuite hostname="chinaskindeiMac.local" name="test10.yueni.android.myprofile.Test10ForgetPasswordPage" tests="4" failures="0" timestamp="12 May 2016 06:50:12 GMT" time="51.315" errors="0">
  <testcase name="TestFir01stInputMobileIphoneNum" time="9.236" classname="test10.yueni.android.myprofile.Test10ForgetPasswordPage"/>
  <testcase name="TestFir03stInputUserPwd" time="16.216" classname="test10.yueni.android.myprofile.Test10ForgetPasswordPage"/>
  <testcase name="TestFir02stInputverificationCode" time="7.022" classname="test10.yueni.android.myprofile.Test10ForgetPasswordPage"/>
  <testcase name="TestFir04stClickLoginButton" time="18.841" classname="test10.yueni.android.myprofile.Test10ForgetPasswordPage"/>
</testsuite> <!-- test10.yueni.android.myprofile.Test10ForgetPasswordPage -->
