<?xml version="1.0" encoding="UTF-8"?>
<!-- Generated by org.testng.reporters.JUnitReportReporter -->
<testsuite hostname="chinaskindeiMac.local" name="test05.yueni.ios.myprofile.Test07SystemSettingPage" tests="12" failures="12" timestamp="3 Aug 2016 07:48:22 GMT" time="0.003" errors="0">
  <testcase name="TestFir05stClickImageQualitySetting" time="0.000" classname="test05.yueni.ios.myprofile.Test07SystemSettingPage">
    <failure type="java.lang.Error" message="A new session could not be created. (Original error: Bad response from getTreeForXML. Err was undefined and res was undefined) (WARNING: The server did not provide any stacktrace information)
Command duration or timeout: 18.86 seconds
Build info: version: &#039;2.42.2&#039;, revision: &#039;6a6995d31c7c56c340d6f45a76976d43506cd6cc&#039;, time: &#039;2014-06-03 10:52:47&#039;
System info: host: &#039;chinaskindeiMac.local&#039;, ip: &#039;192.168.145.165&#039;, os.name: &#039;Mac OS X&#039;, os.arch: &#039;x86_64&#039;, os.version: &#039;10.11.3&#039;, java.version: &#039;1.8.0_51&#039;
Driver info: io.appium.java_client.ios.IOSDriver">
      <![CDATA[java.lang.Error: A new session could not be created. (Original error: Bad response from getTreeForXML. Err was undefined and res was undefined) (WARNING: The server did not provide any stacktrace information)
Command duration or timeout: 18.86 seconds
Build info: version: '2.42.2', revision: '6a6995d31c7c56c340d6f45a76976d43506cd6cc', time: '2014-06-03 10:52:47'
System info: host: 'chinaskindeiMac.local', ip: '192.168.145.165', os.name: 'Mac OS X', os.arch: 'x86_64', os.version: '10.11.3', java.version: '1.8.0_51'
Driver info: io.appium.java_client.ios.IOSDriver
	at net.wanghaifeng.conf.iOSLauncherConf.iosDriver(iOSLauncherConf.java:34)
	at net.wanghaifeng.enums.IOSLauncher$1.execute(IOSLauncher.java:13)
	at net.wanghaifeng.com.TestDriverIOS.launchTestApp(TestDriverIOS.java:70)
	at sun.reflect.NativeMethodAccessorImpl.invoke0(Native Method)
	at sun.reflect.NativeMethodAccessorImpl.invoke(NativeMethodAccessorImpl.java:62)
	at sun.reflect.DelegatingMethodAccessorImpl.invoke(DelegatingMethodAccessorImpl.java:43)
	at java.lang.reflect.Method.invoke(Method.java:497)
	at org.testng.internal.MethodInvocationHelper.invokeMethod(MethodInvocationHelper.java:84)
	at org.testng.internal.Invoker.invokeConfigurationMethod(Invoker.java:564)
	at org.testng.internal.Invoker.invokeConfigurations(Invoker.java:213)
	at org.testng.internal.Invoker.invokeConfigurations(Invoker.java:138)
	at org.testng.TestRunner.beforeRun(TestRunner.java:641)
	at org.testng.TestRunner.run(TestRunner.java:609)
	at org.testng.SuiteRunner.runTest(SuiteRunner.java:334)
	at org.testng.SuiteRunner.runSequentially(SuiteRunner.java:329)
	at org.testng.SuiteRunner.privateRun(SuiteRunner.java:291)
	at org.testng.SuiteRunner.run(SuiteRunner.java:240)
	at org.testng.SuiteRunnerWorker.runSuite(SuiteRunnerWorker.java:52)
	at org.testng.SuiteRunnerWorker.run(SuiteRunnerWorker.java:86)
	at org.testng.TestNG.runSuitesSequentially(TestNG.java:1224)
	at org.testng.TestNG.runSuitesLocally(TestNG.java:1149)
	at org.testng.TestNG.run(TestNG.java:1057)
	at org.testng.remote.RemoteTestNG.run(RemoteTestNG.java:111)
	at org.testng.remote.RemoteTestNG.initAndRun(RemoteTestNG.java:204)
	at org.testng.remote.RemoteTestNG.main(RemoteTestNG.java:175)
]]>
    </failure>
  </testcase> <!-- TestFir05stClickImageQualitySetting -->
  <testcase name="TestFir04stClickOpenMessageCenterSet" time="0.000" classname="test05.yueni.ios.myprofile.Test07SystemSettingPage">
    <failure type="java.lang.Error" message="A new session could not be created. (Original error: Bad response from getTreeForXML. Err was undefined and res was undefined) (WARNING: The server did not provide any stacktrace information)
Command duration or timeout: 18.86 seconds
Build info: version: &#039;2.42.2&#039;, revision: &#039;6a6995d31c7c56c340d6f45a76976d43506cd6cc&#039;, time: &#039;2014-06-03 10:52:47&#039;
System info: host: &#039;chinaskindeiMac.local&#039;, ip: &#039;192.168.145.165&#039;, os.name: &#039;Mac OS X&#039;, os.arch: &#039;x86_64&#039;, os.version: &#039;10.11.3&#039;, java.version: &#039;1.8.0_51&#039;
Driver info: io.appium.java_client.ios.IOSDriver">
      <![CDATA[java.lang.Error: A new session could not be created. (Original error: Bad response from getTreeForXML. Err was undefined and res was undefined) (WARNING: The server did not provide any stacktrace information)
Command duration or timeout: 18.86 seconds
Build info: version: '2.42.2', revision: '6a6995d31c7c56c340d6f45a76976d43506cd6cc', time: '2014-06-03 10:52:47'
System info: host: 'chinaskindeiMac.local', ip: '192.168.145.165', os.name: 'Mac OS X', os.arch: 'x86_64', os.version: '10.11.3', java.version: '1.8.0_51'
Driver info: io.appium.java_client.ios.IOSDriver
	at net.wanghaifeng.conf.iOSLauncherConf.iosDriver(iOSLauncherConf.java:34)
	at net.wanghaifeng.enums.IOSLauncher$1.execute(IOSLauncher.java:13)
	at net.wanghaifeng.com.TestDriverIOS.launchTestApp(TestDriverIOS.java:70)
	at sun.reflect.NativeMethodAccessorImpl.invoke0(Native Method)
	at sun.reflect.NativeMethodAccessorImpl.invoke(NativeMethodAccessorImpl.java:62)
	at sun.reflect.DelegatingMethodAccessorImpl.invoke(DelegatingMethodAccessorImpl.java:43)
	at java.lang.reflect.Method.invoke(Method.java:497)
	at org.testng.internal.MethodInvocationHelper.invokeMethod(MethodInvocationHelper.java:84)
	at org.testng.internal.Invoker.invokeConfigurationMethod(Invoker.java:564)
	at org.testng.internal.Invoker.invokeConfigurations(Invoker.java:213)
	at org.testng.internal.Invoker.invokeConfigurations(Invoker.java:138)
	at org.testng.TestRunner.beforeRun(TestRunner.java:641)
	at org.testng.TestRunner.run(TestRunner.java:609)
	at org.testng.SuiteRunner.runTest(SuiteRunner.java:334)
	at org.testng.SuiteRunner.runSequentially(SuiteRunner.java:329)
	at org.testng.SuiteRunner.privateRun(SuiteRunner.java:291)
	at org.testng.SuiteRunner.run(SuiteRunner.java:240)
	at org.testng.SuiteRunnerWorker.runSuite(SuiteRunnerWorker.java:52)
	at org.testng.SuiteRunnerWorker.run(SuiteRunnerWorker.java:86)
	at org.testng.TestNG.runSuitesSequentially(TestNG.java:1224)
	at org.testng.TestNG.runSuitesLocally(TestNG.java:1149)
	at org.testng.TestNG.run(TestNG.java:1057)
	at org.testng.remote.RemoteTestNG.run(RemoteTestNG.java:111)
	at org.testng.remote.RemoteTestNG.initAndRun(RemoteTestNG.java:204)
	at org.testng.remote.RemoteTestNG.main(RemoteTestNG.java:175)
]]>
    </failure>
  </testcase> <!-- TestFir04stClickOpenMessageCenterSet -->
  <testcase name="TestFir12stClickUserExitLogout" time="0.001" classname="test05.yueni.ios.myprofile.Test07SystemSettingPage">
    <failure type="java.lang.Error" message="A new session could not be created. (Original error: Bad response from getTreeForXML. Err was undefined and res was undefined) (WARNING: The server did not provide any stacktrace information)
Command duration or timeout: 18.86 seconds
Build info: version: &#039;2.42.2&#039;, revision: &#039;6a6995d31c7c56c340d6f45a76976d43506cd6cc&#039;, time: &#039;2014-06-03 10:52:47&#039;
System info: host: &#039;chinaskindeiMac.local&#039;, ip: &#039;192.168.145.165&#039;, os.name: &#039;Mac OS X&#039;, os.arch: &#039;x86_64&#039;, os.version: &#039;10.11.3&#039;, java.version: &#039;1.8.0_51&#039;
Driver info: io.appium.java_client.ios.IOSDriver">
      <![CDATA[java.lang.Error: A new session could not be created. (Original error: Bad response from getTreeForXML. Err was undefined and res was undefined) (WARNING: The server did not provide any stacktrace information)
Command duration or timeout: 18.86 seconds
Build info: version: '2.42.2', revision: '6a6995d31c7c56c340d6f45a76976d43506cd6cc', time: '2014-06-03 10:52:47'
System info: host: 'chinaskindeiMac.local', ip: '192.168.145.165', os.name: 'Mac OS X', os.arch: 'x86_64', os.version: '10.11.3', java.version: '1.8.0_51'
Driver info: io.appium.java_client.ios.IOSDriver
	at net.wanghaifeng.conf.iOSLauncherConf.iosDriver(iOSLauncherConf.java:34)
	at net.wanghaifeng.enums.IOSLauncher$1.execute(IOSLauncher.java:13)
	at net.wanghaifeng.com.TestDriverIOS.launchTestApp(TestDriverIOS.java:70)
	at sun.reflect.NativeMethodAccessorImpl.invoke0(Native Method)
	at sun.reflect.NativeMethodAccessorImpl.invoke(NativeMethodAccessorImpl.java:62)
	at sun.reflect.DelegatingMethodAccessorImpl.invoke(DelegatingMethodAccessorImpl.java:43)
	at java.lang.reflect.Method.invoke(Method.java:497)
	at org.testng.internal.MethodInvocationHelper.invokeMethod(MethodInvocationHelper.java:84)
	at org.testng.internal.Invoker.invokeConfigurationMethod(Invoker.java:564)
	at org.testng.internal.Invoker.invokeConfigurations(Invoker.java:213)
	at org.testng.internal.Invoker.invokeConfigurations(Invoker.java:138)
	at org.testng.TestRunner.beforeRun(TestRunner.java:641)
	at org.testng.TestRunner.run(TestRunner.java:609)
	at org.testng.SuiteRunner.runTest(SuiteRunner.java:334)
	at org.testng.SuiteRunner.runSequentially(SuiteRunner.java:329)
	at org.testng.SuiteRunner.privateRun(SuiteRunner.java:291)
	at org.testng.SuiteRunner.run(SuiteRunner.java:240)
	at org.testng.SuiteRunnerWorker.runSuite(SuiteRunnerWorker.java:52)
	at org.testng.SuiteRunnerWorker.run(SuiteRunnerWorker.java:86)
	at org.testng.TestNG.runSuitesSequentially(TestNG.java:1224)
	at org.testng.TestNG.runSuitesLocally(TestNG.java:1149)
	at org.testng.TestNG.run(TestNG.java:1057)
	at org.testng.remote.RemoteTestNG.run(RemoteTestNG.java:111)
	at org.testng.remote.RemoteTestNG.initAndRun(RemoteTestNG.java:204)
	at org.testng.remote.RemoteTestNG.main(RemoteTestNG.java:175)
]]>
    </failure>
  </testcase> <!-- TestFir12stClickUserExitLogout -->
  <testcase name="TestFir02stClickModifyUserPassword" time="0.000" classname="test05.yueni.ios.myprofile.Test07SystemSettingPage">
    <failure type="java.lang.Error" message="A new session could not be created. (Original error: Bad response from getTreeForXML. Err was undefined and res was undefined) (WARNING: The server did not provide any stacktrace information)
Command duration or timeout: 18.86 seconds
Build info: version: &#039;2.42.2&#039;, revision: &#039;6a6995d31c7c56c340d6f45a76976d43506cd6cc&#039;, time: &#039;2014-06-03 10:52:47&#039;
System info: host: &#039;chinaskindeiMac.local&#039;, ip: &#039;192.168.145.165&#039;, os.name: &#039;Mac OS X&#039;, os.arch: &#039;x86_64&#039;, os.version: &#039;10.11.3&#039;, java.version: &#039;1.8.0_51&#039;
Driver info: io.appium.java_client.ios.IOSDriver">
      <![CDATA[java.lang.Error: A new session could not be created. (Original error: Bad response from getTreeForXML. Err was undefined and res was undefined) (WARNING: The server did not provide any stacktrace information)
Command duration or timeout: 18.86 seconds
Build info: version: '2.42.2', revision: '6a6995d31c7c56c340d6f45a76976d43506cd6cc', time: '2014-06-03 10:52:47'
System info: host: 'chinaskindeiMac.local', ip: '192.168.145.165', os.name: 'Mac OS X', os.arch: 'x86_64', os.version: '10.11.3', java.version: '1.8.0_51'
Driver info: io.appium.java_client.ios.IOSDriver
	at net.wanghaifeng.conf.iOSLauncherConf.iosDriver(iOSLauncherConf.java:34)
	at net.wanghaifeng.enums.IOSLauncher$1.execute(IOSLauncher.java:13)
	at net.wanghaifeng.com.TestDriverIOS.launchTestApp(TestDriverIOS.java:70)
	at sun.reflect.NativeMethodAccessorImpl.invoke0(Native Method)
	at sun.reflect.NativeMethodAccessorImpl.invoke(NativeMethodAccessorImpl.java:62)
	at sun.reflect.DelegatingMethodAccessorImpl.invoke(DelegatingMethodAccessorImpl.java:43)
	at java.lang.reflect.Method.invoke(Method.java:497)
	at org.testng.internal.MethodInvocationHelper.invokeMethod(MethodInvocationHelper.java:84)
	at org.testng.internal.Invoker.invokeConfigurationMethod(Invoker.java:564)
	at org.testng.internal.Invoker.invokeConfigurations(Invoker.java:213)
	at org.testng.internal.Invoker.invokeConfigurations(Invoker.java:138)
	at org.testng.TestRunner.beforeRun(TestRunner.java:641)
	at org.testng.TestRunner.run(TestRunner.java:609)
	at org.testng.SuiteRunner.runTest(SuiteRunner.java:334)
	at org.testng.SuiteRunner.runSequentially(SuiteRunner.java:329)
	at org.testng.SuiteRunner.privateRun(SuiteRunner.java:291)
	at org.testng.SuiteRunner.run(SuiteRunner.java:240)
	at org.testng.SuiteRunnerWorker.runSuite(SuiteRunnerWorker.java:52)
	at org.testng.SuiteRunnerWorker.run(SuiteRunnerWorker.java:86)
	at org.testng.TestNG.runSuitesSequentially(TestNG.java:1224)
	at org.testng.TestNG.runSuitesLocally(TestNG.java:1149)
	at org.testng.TestNG.run(TestNG.java:1057)
	at org.testng.remote.RemoteTestNG.run(RemoteTestNG.java:111)
	at org.testng.remote.RemoteTestNG.initAndRun(RemoteTestNG.java:204)
	at org.testng.remote.RemoteTestNG.main(RemoteTestNG.java:175)
]]>
    </failure>
  </testcase> <!-- TestFir02stClickModifyUserPassword -->
  <testcase name="TestFir08stClickOpenFeedback" time="0.000" classname="test05.yueni.ios.myprofile.Test07SystemSettingPage">
    <failure type="java.lang.Error" message="A new session could not be created. (Original error: Bad response from getTreeForXML. Err was undefined and res was undefined) (WARNING: The server did not provide any stacktrace information)
Command duration or timeout: 18.86 seconds
Build info: version: &#039;2.42.2&#039;, revision: &#039;6a6995d31c7c56c340d6f45a76976d43506cd6cc&#039;, time: &#039;2014-06-03 10:52:47&#039;
System info: host: &#039;chinaskindeiMac.local&#039;, ip: &#039;192.168.145.165&#039;, os.name: &#039;Mac OS X&#039;, os.arch: &#039;x86_64&#039;, os.version: &#039;10.11.3&#039;, java.version: &#039;1.8.0_51&#039;
Driver info: io.appium.java_client.ios.IOSDriver">
      <![CDATA[java.lang.Error: A new session could not be created. (Original error: Bad response from getTreeForXML. Err was undefined and res was undefined) (WARNING: The server did not provide any stacktrace information)
Command duration or timeout: 18.86 seconds
Build info: version: '2.42.2', revision: '6a6995d31c7c56c340d6f45a76976d43506cd6cc', time: '2014-06-03 10:52:47'
System info: host: 'chinaskindeiMac.local', ip: '192.168.145.165', os.name: 'Mac OS X', os.arch: 'x86_64', os.version: '10.11.3', java.version: '1.8.0_51'
Driver info: io.appium.java_client.ios.IOSDriver
	at net.wanghaifeng.conf.iOSLauncherConf.iosDriver(iOSLauncherConf.java:34)
	at net.wanghaifeng.enums.IOSLauncher$1.execute(IOSLauncher.java:13)
	at net.wanghaifeng.com.TestDriverIOS.launchTestApp(TestDriverIOS.java:70)
	at sun.reflect.NativeMethodAccessorImpl.invoke0(Native Method)
	at sun.reflect.NativeMethodAccessorImpl.invoke(NativeMethodAccessorImpl.java:62)
	at sun.reflect.DelegatingMethodAccessorImpl.invoke(DelegatingMethodAccessorImpl.java:43)
	at java.lang.reflect.Method.invoke(Method.java:497)
	at org.testng.internal.MethodInvocationHelper.invokeMethod(MethodInvocationHelper.java:84)
	at org.testng.internal.Invoker.invokeConfigurationMethod(Invoker.java:564)
	at org.testng.internal.Invoker.invokeConfigurations(Invoker.java:213)
	at org.testng.internal.Invoker.invokeConfigurations(Invoker.java:138)
	at org.testng.TestRunner.beforeRun(TestRunner.java:641)
	at org.testng.TestRunner.run(TestRunner.java:609)
	at org.testng.SuiteRunner.runTest(SuiteRunner.java:334)
	at org.testng.SuiteRunner.runSequentially(SuiteRunner.java:329)
	at org.testng.SuiteRunner.privateRun(SuiteRunner.java:291)
	at org.testng.SuiteRunner.run(SuiteRunner.java:240)
	at org.testng.SuiteRunnerWorker.runSuite(SuiteRunnerWorker.java:52)
	at org.testng.SuiteRunnerWorker.run(SuiteRunnerWorker.java:86)
	at org.testng.TestNG.runSuitesSequentially(TestNG.java:1224)
	at org.testng.TestNG.runSuitesLocally(TestNG.java:1149)
	at org.testng.TestNG.run(TestNG.java:1057)
	at org.testng.remote.RemoteTestNG.run(RemoteTestNG.java:111)
	at org.testng.remote.RemoteTestNG.initAndRun(RemoteTestNG.java:204)
	at org.testng.remote.RemoteTestNG.main(RemoteTestNG.java:175)
]]>
    </failure>
  </testcase> <!-- TestFir08stClickOpenFeedback -->
  <testcase name="TestFir10stClickOpenAboutUs" time="0.000" classname="test05.yueni.ios.myprofile.Test07SystemSettingPage">
    <failure type="java.lang.Error" message="A new session could not be created. (Original error: Bad response from getTreeForXML. Err was undefined and res was undefined) (WARNING: The server did not provide any stacktrace information)
Command duration or timeout: 18.86 seconds
Build info: version: &#039;2.42.2&#039;, revision: &#039;6a6995d31c7c56c340d6f45a76976d43506cd6cc&#039;, time: &#039;2014-06-03 10:52:47&#039;
System info: host: &#039;chinaskindeiMac.local&#039;, ip: &#039;192.168.145.165&#039;, os.name: &#039;Mac OS X&#039;, os.arch: &#039;x86_64&#039;, os.version: &#039;10.11.3&#039;, java.version: &#039;1.8.0_51&#039;
Driver info: io.appium.java_client.ios.IOSDriver">
      <![CDATA[java.lang.Error: A new session could not be created. (Original error: Bad response from getTreeForXML. Err was undefined and res was undefined) (WARNING: The server did not provide any stacktrace information)
Command duration or timeout: 18.86 seconds
Build info: version: '2.42.2', revision: '6a6995d31c7c56c340d6f45a76976d43506cd6cc', time: '2014-06-03 10:52:47'
System info: host: 'chinaskindeiMac.local', ip: '192.168.145.165', os.name: 'Mac OS X', os.arch: 'x86_64', os.version: '10.11.3', java.version: '1.8.0_51'
Driver info: io.appium.java_client.ios.IOSDriver
	at net.wanghaifeng.conf.iOSLauncherConf.iosDriver(iOSLauncherConf.java:34)
	at net.wanghaifeng.enums.IOSLauncher$1.execute(IOSLauncher.java:13)
	at net.wanghaifeng.com.TestDriverIOS.launchTestApp(TestDriverIOS.java:70)
	at sun.reflect.NativeMethodAccessorImpl.invoke0(Native Method)
	at sun.reflect.NativeMethodAccessorImpl.invoke(NativeMethodAccessorImpl.java:62)
	at sun.reflect.DelegatingMethodAccessorImpl.invoke(DelegatingMethodAccessorImpl.java:43)
	at java.lang.reflect.Method.invoke(Method.java:497)
	at org.testng.internal.MethodInvocationHelper.invokeMethod(MethodInvocationHelper.java:84)
	at org.testng.internal.Invoker.invokeConfigurationMethod(Invoker.java:564)
	at org.testng.internal.Invoker.invokeConfigurations(Invoker.java:213)
	at org.testng.internal.Invoker.invokeConfigurations(Invoker.java:138)
	at org.testng.TestRunner.beforeRun(TestRunner.java:641)
	at org.testng.TestRunner.run(TestRunner.java:609)
	at org.testng.SuiteRunner.runTest(SuiteRunner.java:334)
	at org.testng.SuiteRunner.runSequentially(SuiteRunner.java:329)
	at org.testng.SuiteRunner.privateRun(SuiteRunner.java:291)
	at org.testng.SuiteRunner.run(SuiteRunner.java:240)
	at org.testng.SuiteRunnerWorker.runSuite(SuiteRunnerWorker.java:52)
	at org.testng.SuiteRunnerWorker.run(SuiteRunnerWorker.java:86)
	at org.testng.TestNG.runSuitesSequentially(TestNG.java:1224)
	at org.testng.TestNG.runSuitesLocally(TestNG.java:1149)
	at org.testng.TestNG.run(TestNG.java:1057)
	at org.testng.remote.RemoteTestNG.run(RemoteTestNG.java:111)
	at org.testng.remote.RemoteTestNG.initAndRun(RemoteTestNG.java:204)
	at org.testng.remote.RemoteTestNG.main(RemoteTestNG.java:175)
]]>
    </failure>
  </testcase> <!-- TestFir10stClickOpenAboutUs -->
  <testcase name="TestFir09stClickOpenFeedback" time="0.001" classname="test05.yueni.ios.myprofile.Test07SystemSettingPage">
    <failure type="java.lang.Error" message="A new session could not be created. (Original error: Bad response from getTreeForXML. Err was undefined and res was undefined) (WARNING: The server did not provide any stacktrace information)
Command duration or timeout: 18.86 seconds
Build info: version: &#039;2.42.2&#039;, revision: &#039;6a6995d31c7c56c340d6f45a76976d43506cd6cc&#039;, time: &#039;2014-06-03 10:52:47&#039;
System info: host: &#039;chinaskindeiMac.local&#039;, ip: &#039;192.168.145.165&#039;, os.name: &#039;Mac OS X&#039;, os.arch: &#039;x86_64&#039;, os.version: &#039;10.11.3&#039;, java.version: &#039;1.8.0_51&#039;
Driver info: io.appium.java_client.ios.IOSDriver">
      <![CDATA[java.lang.Error: A new session could not be created. (Original error: Bad response from getTreeForXML. Err was undefined and res was undefined) (WARNING: The server did not provide any stacktrace information)
Command duration or timeout: 18.86 seconds
Build info: version: '2.42.2', revision: '6a6995d31c7c56c340d6f45a76976d43506cd6cc', time: '2014-06-03 10:52:47'
System info: host: 'chinaskindeiMac.local', ip: '192.168.145.165', os.name: 'Mac OS X', os.arch: 'x86_64', os.version: '10.11.3', java.version: '1.8.0_51'
Driver info: io.appium.java_client.ios.IOSDriver
	at net.wanghaifeng.conf.iOSLauncherConf.iosDriver(iOSLauncherConf.java:34)
	at net.wanghaifeng.enums.IOSLauncher$1.execute(IOSLauncher.java:13)
	at net.wanghaifeng.com.TestDriverIOS.launchTestApp(TestDriverIOS.java:70)
	at sun.reflect.NativeMethodAccessorImpl.invoke0(Native Method)
	at sun.reflect.NativeMethodAccessorImpl.invoke(NativeMethodAccessorImpl.java:62)
	at sun.reflect.DelegatingMethodAccessorImpl.invoke(DelegatingMethodAccessorImpl.java:43)
	at java.lang.reflect.Method.invoke(Method.java:497)
	at org.testng.internal.MethodInvocationHelper.invokeMethod(MethodInvocationHelper.java:84)
	at org.testng.internal.Invoker.invokeConfigurationMethod(Invoker.java:564)
	at org.testng.internal.Invoker.invokeConfigurations(Invoker.java:213)
	at org.testng.internal.Invoker.invokeConfigurations(Invoker.java:138)
	at org.testng.TestRunner.beforeRun(TestRunner.java:641)
	at org.testng.TestRunner.run(TestRunner.java:609)
	at org.testng.SuiteRunner.runTest(SuiteRunner.java:334)
	at org.testng.SuiteRunner.runSequentially(SuiteRunner.java:329)
	at org.testng.SuiteRunner.privateRun(SuiteRunner.java:291)
	at org.testng.SuiteRunner.run(SuiteRunner.java:240)
	at org.testng.SuiteRunnerWorker.runSuite(SuiteRunnerWorker.java:52)
	at org.testng.SuiteRunnerWorker.run(SuiteRunnerWorker.java:86)
	at org.testng.TestNG.runSuitesSequentially(TestNG.java:1224)
	at org.testng.TestNG.runSuitesLocally(TestNG.java:1149)
	at org.testng.TestNG.run(TestNG.java:1057)
	at org.testng.remote.RemoteTestNG.run(RemoteTestNG.java:111)
	at org.testng.remote.RemoteTestNG.initAndRun(RemoteTestNG.java:204)
	at org.testng.remote.RemoteTestNG.main(RemoteTestNG.java:175)
]]>
    </failure>
  </testcase> <!-- TestFir09stClickOpenFeedback -->
  <testcase name="TestFir01stClickEditUserInfo" time="0.000" classname="test05.yueni.ios.myprofile.Test07SystemSettingPage">
    <failure type="java.lang.Error" message="A new session could not be created. (Original error: Bad response from getTreeForXML. Err was undefined and res was undefined) (WARNING: The server did not provide any stacktrace information)
Command duration or timeout: 18.86 seconds
Build info: version: &#039;2.42.2&#039;, revision: &#039;6a6995d31c7c56c340d6f45a76976d43506cd6cc&#039;, time: &#039;2014-06-03 10:52:47&#039;
System info: host: &#039;chinaskindeiMac.local&#039;, ip: &#039;192.168.145.165&#039;, os.name: &#039;Mac OS X&#039;, os.arch: &#039;x86_64&#039;, os.version: &#039;10.11.3&#039;, java.version: &#039;1.8.0_51&#039;
Driver info: io.appium.java_client.ios.IOSDriver">
      <![CDATA[java.lang.Error: A new session could not be created. (Original error: Bad response from getTreeForXML. Err was undefined and res was undefined) (WARNING: The server did not provide any stacktrace information)
Command duration or timeout: 18.86 seconds
Build info: version: '2.42.2', revision: '6a6995d31c7c56c340d6f45a76976d43506cd6cc', time: '2014-06-03 10:52:47'
System info: host: 'chinaskindeiMac.local', ip: '192.168.145.165', os.name: 'Mac OS X', os.arch: 'x86_64', os.version: '10.11.3', java.version: '1.8.0_51'
Driver info: io.appium.java_client.ios.IOSDriver
	at net.wanghaifeng.conf.iOSLauncherConf.iosDriver(iOSLauncherConf.java:34)
	at net.wanghaifeng.enums.IOSLauncher$1.execute(IOSLauncher.java:13)
	at net.wanghaifeng.com.TestDriverIOS.launchTestApp(TestDriverIOS.java:70)
	at sun.reflect.NativeMethodAccessorImpl.invoke0(Native Method)
	at sun.reflect.NativeMethodAccessorImpl.invoke(NativeMethodAccessorImpl.java:62)
	at sun.reflect.DelegatingMethodAccessorImpl.invoke(DelegatingMethodAccessorImpl.java:43)
	at java.lang.reflect.Method.invoke(Method.java:497)
	at org.testng.internal.MethodInvocationHelper.invokeMethod(MethodInvocationHelper.java:84)
	at org.testng.internal.Invoker.invokeConfigurationMethod(Invoker.java:564)
	at org.testng.internal.Invoker.invokeConfigurations(Invoker.java:213)
	at org.testng.internal.Invoker.invokeConfigurations(Invoker.java:138)
	at org.testng.TestRunner.beforeRun(TestRunner.java:641)
	at org.testng.TestRunner.run(TestRunner.java:609)
	at org.testng.SuiteRunner.runTest(SuiteRunner.java:334)
	at org.testng.SuiteRunner.runSequentially(SuiteRunner.java:329)
	at org.testng.SuiteRunner.privateRun(SuiteRunner.java:291)
	at org.testng.SuiteRunner.run(SuiteRunner.java:240)
	at org.testng.SuiteRunnerWorker.runSuite(SuiteRunnerWorker.java:52)
	at org.testng.SuiteRunnerWorker.run(SuiteRunnerWorker.java:86)
	at org.testng.TestNG.runSuitesSequentially(TestNG.java:1224)
	at org.testng.TestNG.runSuitesLocally(TestNG.java:1149)
	at org.testng.TestNG.run(TestNG.java:1057)
	at org.testng.remote.RemoteTestNG.run(RemoteTestNG.java:111)
	at org.testng.remote.RemoteTestNG.initAndRun(RemoteTestNG.java:204)
	at org.testng.remote.RemoteTestNG.main(RemoteTestNG.java:175)
]]>
    </failure>
  </testcase> <!-- TestFir01stClickEditUserInfo -->
  <testcase name="TestFir07stClickOpenCHASKINSkill" time="0.000" classname="test05.yueni.ios.myprofile.Test07SystemSettingPage">
    <failure type="java.lang.Error" message="A new session could not be created. (Original error: Bad response from getTreeForXML. Err was undefined and res was undefined) (WARNING: The server did not provide any stacktrace information)
Command duration or timeout: 18.86 seconds
Build info: version: &#039;2.42.2&#039;, revision: &#039;6a6995d31c7c56c340d6f45a76976d43506cd6cc&#039;, time: &#039;2014-06-03 10:52:47&#039;
System info: host: &#039;chinaskindeiMac.local&#039;, ip: &#039;192.168.145.165&#039;, os.name: &#039;Mac OS X&#039;, os.arch: &#039;x86_64&#039;, os.version: &#039;10.11.3&#039;, java.version: &#039;1.8.0_51&#039;
Driver info: io.appium.java_client.ios.IOSDriver">
      <![CDATA[java.lang.Error: A new session could not be created. (Original error: Bad response from getTreeForXML. Err was undefined and res was undefined) (WARNING: The server did not provide any stacktrace information)
Command duration or timeout: 18.86 seconds
Build info: version: '2.42.2', revision: '6a6995d31c7c56c340d6f45a76976d43506cd6cc', time: '2014-06-03 10:52:47'
System info: host: 'chinaskindeiMac.local', ip: '192.168.145.165', os.name: 'Mac OS X', os.arch: 'x86_64', os.version: '10.11.3', java.version: '1.8.0_51'
Driver info: io.appium.java_client.ios.IOSDriver
	at net.wanghaifeng.conf.iOSLauncherConf.iosDriver(iOSLauncherConf.java:34)
	at net.wanghaifeng.enums.IOSLauncher$1.execute(IOSLauncher.java:13)
	at net.wanghaifeng.com.TestDriverIOS.launchTestApp(TestDriverIOS.java:70)
	at sun.reflect.NativeMethodAccessorImpl.invoke0(Native Method)
	at sun.reflect.NativeMethodAccessorImpl.invoke(NativeMethodAccessorImpl.java:62)
	at sun.reflect.DelegatingMethodAccessorImpl.invoke(DelegatingMethodAccessorImpl.java:43)
	at java.lang.reflect.Method.invoke(Method.java:497)
	at org.testng.internal.MethodInvocationHelper.invokeMethod(MethodInvocationHelper.java:84)
	at org.testng.internal.Invoker.invokeConfigurationMethod(Invoker.java:564)
	at org.testng.internal.Invoker.invokeConfigurations(Invoker.java:213)
	at org.testng.internal.Invoker.invokeConfigurations(Invoker.java:138)
	at org.testng.TestRunner.beforeRun(TestRunner.java:641)
	at org.testng.TestRunner.run(TestRunner.java:609)
	at org.testng.SuiteRunner.runTest(SuiteRunner.java:334)
	at org.testng.SuiteRunner.runSequentially(SuiteRunner.java:329)
	at org.testng.SuiteRunner.privateRun(SuiteRunner.java:291)
	at org.testng.SuiteRunner.run(SuiteRunner.java:240)
	at org.testng.SuiteRunnerWorker.runSuite(SuiteRunnerWorker.java:52)
	at org.testng.SuiteRunnerWorker.run(SuiteRunnerWorker.java:86)
	at org.testng.TestNG.runSuitesSequentially(TestNG.java:1224)
	at org.testng.TestNG.runSuitesLocally(TestNG.java:1149)
	at org.testng.TestNG.run(TestNG.java:1057)
	at org.testng.remote.RemoteTestNG.run(RemoteTestNG.java:111)
	at org.testng.remote.RemoteTestNG.initAndRun(RemoteTestNG.java:204)
	at org.testng.remote.RemoteTestNG.main(RemoteTestNG.java:175)
]]>
    </failure>
  </testcase> <!-- TestFir07stClickOpenCHASKINSkill -->
  <testcase name="TestFir06stClickCleanCacheData" time="0.001" classname="test05.yueni.ios.myprofile.Test07SystemSettingPage">
    <failure type="java.lang.Error" message="A new session could not be created. (Original error: Bad response from getTreeForXML. Err was undefined and res was undefined) (WARNING: The server did not provide any stacktrace information)
Command duration or timeout: 18.86 seconds
Build info: version: &#039;2.42.2&#039;, revision: &#039;6a6995d31c7c56c340d6f45a76976d43506cd6cc&#039;, time: &#039;2014-06-03 10:52:47&#039;
System info: host: &#039;chinaskindeiMac.local&#039;, ip: &#039;192.168.145.165&#039;, os.name: &#039;Mac OS X&#039;, os.arch: &#039;x86_64&#039;, os.version: &#039;10.11.3&#039;, java.version: &#039;1.8.0_51&#039;
Driver info: io.appium.java_client.ios.IOSDriver">
      <![CDATA[java.lang.Error: A new session could not be created. (Original error: Bad response from getTreeForXML. Err was undefined and res was undefined) (WARNING: The server did not provide any stacktrace information)
Command duration or timeout: 18.86 seconds
Build info: version: '2.42.2', revision: '6a6995d31c7c56c340d6f45a76976d43506cd6cc', time: '2014-06-03 10:52:47'
System info: host: 'chinaskindeiMac.local', ip: '192.168.145.165', os.name: 'Mac OS X', os.arch: 'x86_64', os.version: '10.11.3', java.version: '1.8.0_51'
Driver info: io.appium.java_client.ios.IOSDriver
	at net.wanghaifeng.conf.iOSLauncherConf.iosDriver(iOSLauncherConf.java:34)
	at net.wanghaifeng.enums.IOSLauncher$1.execute(IOSLauncher.java:13)
	at net.wanghaifeng.com.TestDriverIOS.launchTestApp(TestDriverIOS.java:70)
	at sun.reflect.NativeMethodAccessorImpl.invoke0(Native Method)
	at sun.reflect.NativeMethodAccessorImpl.invoke(NativeMethodAccessorImpl.java:62)
	at sun.reflect.DelegatingMethodAccessorImpl.invoke(DelegatingMethodAccessorImpl.java:43)
	at java.lang.reflect.Method.invoke(Method.java:497)
	at org.testng.internal.MethodInvocationHelper.invokeMethod(MethodInvocationHelper.java:84)
	at org.testng.internal.Invoker.invokeConfigurationMethod(Invoker.java:564)
	at org.testng.internal.Invoker.invokeConfigurations(Invoker.java:213)
	at org.testng.internal.Invoker.invokeConfigurations(Invoker.java:138)
	at org.testng.TestRunner.beforeRun(TestRunner.java:641)
	at org.testng.TestRunner.run(TestRunner.java:609)
	at org.testng.SuiteRunner.runTest(SuiteRunner.java:334)
	at org.testng.SuiteRunner.runSequentially(SuiteRunner.java:329)
	at org.testng.SuiteRunner.privateRun(SuiteRunner.java:291)
	at org.testng.SuiteRunner.run(SuiteRunner.java:240)
	at org.testng.SuiteRunnerWorker.runSuite(SuiteRunnerWorker.java:52)
	at org.testng.SuiteRunnerWorker.run(SuiteRunnerWorker.java:86)
	at org.testng.TestNG.runSuitesSequentially(TestNG.java:1224)
	at org.testng.TestNG.runSuitesLocally(TestNG.java:1149)
	at org.testng.TestNG.run(TestNG.java:1057)
	at org.testng.remote.RemoteTestNG.run(RemoteTestNG.java:111)
	at org.testng.remote.RemoteTestNG.initAndRun(RemoteTestNG.java:204)
	at org.testng.remote.RemoteTestNG.main(RemoteTestNG.java:175)
]]>
    </failure>
  </testcase> <!-- TestFir06stClickCleanCacheData -->
  <testcase name="TestFir11stClickShareAppToFriend" time="0.000" classname="test05.yueni.ios.myprofile.Test07SystemSettingPage">
    <failure type="java.lang.Error" message="A new session could not be created. (Original error: Bad response from getTreeForXML. Err was undefined and res was undefined) (WARNING: The server did not provide any stacktrace information)
Command duration or timeout: 18.86 seconds
Build info: version: &#039;2.42.2&#039;, revision: &#039;6a6995d31c7c56c340d6f45a76976d43506cd6cc&#039;, time: &#039;2014-06-03 10:52:47&#039;
System info: host: &#039;chinaskindeiMac.local&#039;, ip: &#039;192.168.145.165&#039;, os.name: &#039;Mac OS X&#039;, os.arch: &#039;x86_64&#039;, os.version: &#039;10.11.3&#039;, java.version: &#039;1.8.0_51&#039;
Driver info: io.appium.java_client.ios.IOSDriver">
      <![CDATA[java.lang.Error: A new session could not be created. (Original error: Bad response from getTreeForXML. Err was undefined and res was undefined) (WARNING: The server did not provide any stacktrace information)
Command duration or timeout: 18.86 seconds
Build info: version: '2.42.2', revision: '6a6995d31c7c56c340d6f45a76976d43506cd6cc', time: '2014-06-03 10:52:47'
System info: host: 'chinaskindeiMac.local', ip: '192.168.145.165', os.name: 'Mac OS X', os.arch: 'x86_64', os.version: '10.11.3', java.version: '1.8.0_51'
Driver info: io.appium.java_client.ios.IOSDriver
	at net.wanghaifeng.conf.iOSLauncherConf.iosDriver(iOSLauncherConf.java:34)
	at net.wanghaifeng.enums.IOSLauncher$1.execute(IOSLauncher.java:13)
	at net.wanghaifeng.com.TestDriverIOS.launchTestApp(TestDriverIOS.java:70)
	at sun.reflect.NativeMethodAccessorImpl.invoke0(Native Method)
	at sun.reflect.NativeMethodAccessorImpl.invoke(NativeMethodAccessorImpl.java:62)
	at sun.reflect.DelegatingMethodAccessorImpl.invoke(DelegatingMethodAccessorImpl.java:43)
	at java.lang.reflect.Method.invoke(Method.java:497)
	at org.testng.internal.MethodInvocationHelper.invokeMethod(MethodInvocationHelper.java:84)
	at org.testng.internal.Invoker.invokeConfigurationMethod(Invoker.java:564)
	at org.testng.internal.Invoker.invokeConfigurations(Invoker.java:213)
	at org.testng.internal.Invoker.invokeConfigurations(Invoker.java:138)
	at org.testng.TestRunner.beforeRun(TestRunner.java:641)
	at org.testng.TestRunner.run(TestRunner.java:609)
	at org.testng.SuiteRunner.runTest(SuiteRunner.java:334)
	at org.testng.SuiteRunner.runSequentially(SuiteRunner.java:329)
	at org.testng.SuiteRunner.privateRun(SuiteRunner.java:291)
	at org.testng.SuiteRunner.run(SuiteRunner.java:240)
	at org.testng.SuiteRunnerWorker.runSuite(SuiteRunnerWorker.java:52)
	at org.testng.SuiteRunnerWorker.run(SuiteRunnerWorker.java:86)
	at org.testng.TestNG.runSuitesSequentially(TestNG.java:1224)
	at org.testng.TestNG.runSuitesLocally(TestNG.java:1149)
	at org.testng.TestNG.run(TestNG.java:1057)
	at org.testng.remote.RemoteTestNG.run(RemoteTestNG.java:111)
	at org.testng.remote.RemoteTestNG.initAndRun(RemoteTestNG.java:204)
	at org.testng.remote.RemoteTestNG.main(RemoteTestNG.java:175)
]]>
    </failure>
  </testcase> <!-- TestFir11stClickShareAppToFriend -->
  <testcase name="TestFir03stClickModifyUserPassword" time="0.000" classname="test05.yueni.ios.myprofile.Test07SystemSettingPage">
    <failure type="java.lang.Error" message="A new session could not be created. (Original error: Bad response from getTreeForXML. Err was undefined and res was undefined) (WARNING: The server did not provide any stacktrace information)
Command duration or timeout: 18.86 seconds
Build info: version: &#039;2.42.2&#039;, revision: &#039;6a6995d31c7c56c340d6f45a76976d43506cd6cc&#039;, time: &#039;2014-06-03 10:52:47&#039;
System info: host: &#039;chinaskindeiMac.local&#039;, ip: &#039;192.168.145.165&#039;, os.name: &#039;Mac OS X&#039;, os.arch: &#039;x86_64&#039;, os.version: &#039;10.11.3&#039;, java.version: &#039;1.8.0_51&#039;
Driver info: io.appium.java_client.ios.IOSDriver">
      <![CDATA[java.lang.Error: A new session could not be created. (Original error: Bad response from getTreeForXML. Err was undefined and res was undefined) (WARNING: The server did not provide any stacktrace information)
Command duration or timeout: 18.86 seconds
Build info: version: '2.42.2', revision: '6a6995d31c7c56c340d6f45a76976d43506cd6cc', time: '2014-06-03 10:52:47'
System info: host: 'chinaskindeiMac.local', ip: '192.168.145.165', os.name: 'Mac OS X', os.arch: 'x86_64', os.version: '10.11.3', java.version: '1.8.0_51'
Driver info: io.appium.java_client.ios.IOSDriver
	at net.wanghaifeng.conf.iOSLauncherConf.iosDriver(iOSLauncherConf.java:34)
	at net.wanghaifeng.enums.IOSLauncher$1.execute(IOSLauncher.java:13)
	at net.wanghaifeng.com.TestDriverIOS.launchTestApp(TestDriverIOS.java:70)
	at sun.reflect.NativeMethodAccessorImpl.invoke0(Native Method)
	at sun.reflect.NativeMethodAccessorImpl.invoke(NativeMethodAccessorImpl.java:62)
	at sun.reflect.DelegatingMethodAccessorImpl.invoke(DelegatingMethodAccessorImpl.java:43)
	at java.lang.reflect.Method.invoke(Method.java:497)
	at org.testng.internal.MethodInvocationHelper.invokeMethod(MethodInvocationHelper.java:84)
	at org.testng.internal.Invoker.invokeConfigurationMethod(Invoker.java:564)
	at org.testng.internal.Invoker.invokeConfigurations(Invoker.java:213)
	at org.testng.internal.Invoker.invokeConfigurations(Invoker.java:138)
	at org.testng.TestRunner.beforeRun(TestRunner.java:641)
	at org.testng.TestRunner.run(TestRunner.java:609)
	at org.testng.SuiteRunner.runTest(SuiteRunner.java:334)
	at org.testng.SuiteRunner.runSequentially(SuiteRunner.java:329)
	at org.testng.SuiteRunner.privateRun(SuiteRunner.java:291)
	at org.testng.SuiteRunner.run(SuiteRunner.java:240)
	at org.testng.SuiteRunnerWorker.runSuite(SuiteRunnerWorker.java:52)
	at org.testng.SuiteRunnerWorker.run(SuiteRunnerWorker.java:86)
	at org.testng.TestNG.runSuitesSequentially(TestNG.java:1224)
	at org.testng.TestNG.runSuitesLocally(TestNG.java:1149)
	at org.testng.TestNG.run(TestNG.java:1057)
	at org.testng.remote.RemoteTestNG.run(RemoteTestNG.java:111)
	at org.testng.remote.RemoteTestNG.initAndRun(RemoteTestNG.java:204)
	at org.testng.remote.RemoteTestNG.main(RemoteTestNG.java:175)
]]>
    </failure>
  </testcase> <!-- TestFir03stClickModifyUserPassword -->
</testsuite> <!-- test05.yueni.ios.myprofile.Test07SystemSettingPage -->
