<?xml version="1.0" encoding="UTF-8"?>
<!-- Generated by org.testng.reporters.JUnitReportReporter -->
<testsuite hostname="chinaskindeiMac.local" name="test10.yueni.android.myprofile.Test08UserLoginPage" tests="1" failures="0" timestamp="6 May 2016 08:22:54 GMT" time="35.926" errors="0">
  <testcase name="TestFir02stClickUserForgetPassword" time="35.926" classname="test10.yueni.android.myprofile.Test08UserLoginPage"/>
</testsuite> <!-- test10.yueni.android.myprofile.Test08UserLoginPage -->
