<?xml version="1.0" encoding="UTF-8"?>
<!-- Generated by org.testng.reporters.JUnitReportReporter -->
<testsuite hostname="chinaskindeiMac.local" name="test10.yueni.android.myprofile.Test09UserRegisterPage" tests="6" failures="0" timestamp="12 May 2016 06:50:12 GMT" time="55.470" errors="0">
  <testcase name="TestFir05stClickSelectAnPhoto" time="1.399" classname="test10.yueni.android.myprofile.Test09UserRegisterPage"/>
  <testcase name="TestFir02stClickGetVerificationCode" time="28.035" classname="test10.yueni.android.myprofile.Test09UserRegisterPage"/>
  <testcase name="TestFir06stClickAfterSelectPhotoToClickNext" time="2.274" classname="test10.yueni.android.myprofile.Test09UserRegisterPage"/>
  <testcase name="TestFir07stClickSaveUserRigister" time="14.939" classname="test10.yueni.android.myprofile.Test09UserRegisterPage"/>
  <testcase name="TestFir01stClickMobileRegisterButton" time="8.397" classname="test10.yueni.android.myprofile.Test09UserRegisterPage"/>
  <testcase name="TestFir03stClickSelectUserFace" time="0.426" classname="test10.yueni.android.myprofile.Test09UserRegisterPage"/>
</testsuite> <!-- test10.yueni.android.myprofile.Test09UserRegisterPage -->
