<?xml version="1.0" encoding="UTF-8"?>
<!-- Generated by org.testng.reporters.JUnitReportReporter -->
<testsuite hostname="chinaskindeiMac.local" name="test10.yueni.android.myprofile.Test12MenstruationAssistantPage" tests="8" failures="0" timestamp="12 May 2016 06:50:12 GMT" time="22.174" errors="0">
  <testcase name="TestFir07stClickBackNowMonth" time="0.829" classname="test10.yueni.android.myprofile.Test12MenstruationAssistantPage"/>
  <testcase name="TestFir04stOpenMenstruationCalendar" time="0.333" classname="test10.yueni.android.myprofile.Test12MenstruationAssistantPage"/>
  <testcase name="TestFir01stClickSetInitMenstruationPara" time="5.527" classname="test10.yueni.android.myprofile.Test12MenstruationAssistantPage"/>
  <testcase name="TestFir05stClickMenstruationAnalysis" time="4.477" classname="test10.yueni.android.myprofile.Test12MenstruationAssistantPage"/>
  <testcase name="TestFir03stClickModifyMenstruationPara" time="3.930" classname="test10.yueni.android.myprofile.Test12MenstruationAssistantPage"/>
  <testcase name="TestFir02stClickOpenMenstruationCalendar" time="5.072" classname="test10.yueni.android.myprofile.Test12MenstruationAssistantPage"/>
  <testcase name="TestFir06stBrowseMenstruation" time="0.162" classname="test10.yueni.android.myprofile.Test12MenstruationAssistantPage"/>
  <testcase name="TestFir08stClickUpdateMenstruationCalendar" time="1.844" classname="test10.yueni.android.myprofile.Test12MenstruationAssistantPage"/>
</testsuite> <!-- test10.yueni.android.myprofile.Test12MenstruationAssistantPage -->
