<?xml version="1.0" encoding="UTF-8"?>
<!-- Generated by org.testng.reporters.JUnitReportReporter -->
<testsuite hostname="chinaskindeiMac.local" name="test10.yueni.android.myprofile.Test14EditUserInfoPage" tests="8" failures="0" timestamp="12 May 2016 06:50:12 GMT" time="35.623" errors="0">
  <testcase name="TestFir04stClickAfterSelectPhotoToClickNext" time="2.442" classname="test10.yueni.android.myprofile.Test14EditUserInfoPage"/>
  <testcase name="TestFir08stClickModifyUserAddress" time="1.213" classname="test10.yueni.android.myprofile.Test14EditUserInfoPage"/>
  <testcase name="TestFir07stClickModifyUserSignature" time="9.991" classname="test10.yueni.android.myprofile.Test14EditUserInfoPage"/>
  <testcase name="TestFir06stClickModifyUserSex" time="1.215" classname="test10.yueni.android.myprofile.Test14EditUserInfoPage"/>
  <testcase name="TestFir01stClickModifyUserFace" time="0.856" classname="test10.yueni.android.myprofile.Test14EditUserInfoPage"/>
  <testcase name="TestFir02stClickModifyUserFace" time="1.435" classname="test10.yueni.android.myprofile.Test14EditUserInfoPage"/>
  <testcase name="TestFir03stClickAnPhotoFromUserAlbum" time="1.743" classname="test10.yueni.android.myprofile.Test14EditUserInfoPage"/>
  <testcase name="TestFir05stClickModifyUserNickName" time="16.728" classname="test10.yueni.android.myprofile.Test14EditUserInfoPage"/>
</testsuite> <!-- test10.yueni.android.myprofile.Test14EditUserInfoPage -->
