<?xml version="1.0" encoding="UTF-8"?>
<!-- Generated by org.testng.reporters.JUnitReportReporter -->
<testsuite hostname="chinaskindeiMac.local" name="test10.yueni.android.myprofile.Test06UserCenterPage" tests="13" failures="0" timestamp="12 May 2016 06:50:12 GMT" time="50.448" errors="0">
  <testcase name="TestFir02stClickAttentionButton" time="4.698" classname="test10.yueni.android.myprofile.Test06UserCenterPage"/>
  <testcase name="TestFir01stClickEveryDaySign" time="9.386" classname="test10.yueni.android.myprofile.Test06UserCenterPage"/>
  <testcase name="TestFir09stClickUserCenterFollowerButton" time="1.045" classname="test10.yueni.android.myprofile.Test06UserCenterPage"/>
  <testcase name="TestFir05stClickEditUserInfoButton" time="3.969" classname="test10.yueni.android.myprofile.Test06UserCenterPage"/>
  <testcase name="TestFir06stClickOpenUserCenterPage" time="1.302" classname="test10.yueni.android.myprofile.Test06UserCenterPage"/>
  <testcase name="TestFir07stClickUserCenterAttentionButton" time="1.259" classname="test10.yueni.android.myprofile.Test06UserCenterPage"/>
  <testcase name="TestFir08stClickUserCenterAttentionList" time="6.103" classname="test10.yueni.android.myprofile.Test06UserCenterPage"/>
  <testcase name="TestFir04stClickPostButton" time="4.674" classname="test10.yueni.android.myprofile.Test06UserCenterPage"/>
  <testcase name="TestFir11stClickMyFansUserFace" time="3.972" classname="test10.yueni.android.myprofile.Test06UserCenterPage"/>
  <testcase name="TestFir13stClickUserCenterEditUserInfoButton" time="4.054" classname="test10.yueni.android.myprofile.Test06UserCenterPage"/>
  <testcase name="TestFir12stClickAttentionMyFans" time="3.974" classname="test10.yueni.android.myprofile.Test06UserCenterPage"/>
  <testcase name="TestFir10stClickUserCenterFollowerList" time="1.462" classname="test10.yueni.android.myprofile.Test06UserCenterPage"/>
  <testcase name="TestFir03stClickFollowerButton" time="4.550" classname="test10.yueni.android.myprofile.Test06UserCenterPage"/>
</testsuite> <!-- test10.yueni.android.myprofile.Test06UserCenterPage -->
