<?xml version="1.0" encoding="UTF-8"?>
<!-- Generated by org.testng.reporters.JUnitReportReporter -->
<testsuite hostname="chinaskindeiMac.local" name="test10.yueni.android.myprofile.Test13UserPostCenterPage" tests="6" failures="0" timestamp="6 May 2016 03:39:33 GMT" time="38.481" errors="0">
  <testcase name="TestFir07stClickPostShareButton" time="4.728" classname="test10.yueni.android.myprofile.Test13UserPostCenterPage"/>
  <testcase name="TestFir01stOpenUserCenterPostDetail" time="16.280" classname="test10.yueni.android.myprofile.Test13UserPostCenterPage"/>
  <testcase name="TestFir04stClickBrowePostTag" time="6.652" classname="test10.yueni.android.myprofile.Test13UserPostCenterPage"/>
  <testcase name="TestFir02stClickPostUserNickName" time="6.025" classname="test10.yueni.android.myprofile.Test13UserPostCenterPage"/>
  <testcase name="TestFir05stClickPostCommentButton" time="4.449" classname="test10.yueni.android.myprofile.Test13UserPostCenterPage"/>
  <testcase name="TestFir06stClickPostLikeButton" time="0.347" classname="test10.yueni.android.myprofile.Test13UserPostCenterPage"/>
</testsuite> <!-- test10.yueni.android.myprofile.Test13UserPostCenterPage -->
