<?xml version="1.0" encoding="UTF-8"?>
<!-- Generated by org.testng.reporters.JUnitReportReporter -->
<testsuite hostname="chinaskindeiMac.local" name="test06.yueni.android.base.Test00AutoTestBase" tests="2" failures="0" timestamp="12 May 2016 06:50:12 GMT" time="3.772" errors="0">
  <testcase name="TestFir01stInitTestData" time="3.771" classname="test06.yueni.android.base.Test00AutoTestBase"/>
  <testcase name="TestFir02stInitTestApp" time="0.001" classname="test06.yueni.android.base.Test00AutoTestBase"/>
</testsuite> <!-- test06.yueni.android.base.Test00AutoTestBase -->
