<?xml version="1.0" encoding="UTF-8"?>
<!-- Generated by org.testng.reporters.JUnitReportReporter -->
<testsuite hostname="chinaskindeiMac.local" name="test10.yueni.android.myprofile.Test11ReceiveAddressPage" tests="2" failures="0" timestamp="12 May 2016 06:50:12 GMT" time="45.226" errors="0">
  <testcase name="TestFir02stEditReceivingAddress" time="36.814" classname="test10.yueni.android.myprofile.Test11ReceiveAddressPage"/>
  <testcase name="TestFir01stAddReceivingAddress" time="8.412" classname="test10.yueni.android.myprofile.Test11ReceiveAddressPage"/>
</testsuite> <!-- test10.yueni.android.myprofile.Test11ReceiveAddressPage -->
