<?xml version="1.0" encoding="UTF-8"?>
<!-- Generated by org.testng.reporters.JUnitReportReporter -->
<testsuite hostname="chinaskindeiMac.local" name="test10.yueni.android.myprofile.Test05MyProfilePage" tests="9" failures="0" timestamp="12 May 2016 06:50:12 GMT" time="38.230" errors="0">
  <testcase name="TestFir04stClickBandingNum" time="4.062" classname="test10.yueni.android.myprofile.Test05MyProfilePage"/>
  <testcase name="TestFir10stClickSystemSettingPage" time="3.999" classname="test10.yueni.android.myprofile.Test05MyProfilePage"/>
  <testcase name="TestFir02stClickOpenUpgraderRule" time="8.218" classname="test10.yueni.android.myprofile.Test05MyProfilePage"/>
  <testcase name="TestFir01stClickExperience" time="1.897" classname="test10.yueni.android.myprofile.Test05MyProfilePage"/>
  <testcase name="TestFir07stClickMySubscribe" time="4.381" classname="test10.yueni.android.myprofile.Test05MyProfilePage"/>
  <testcase name="TestFir09stClickBindSocailPlatform" time="4.711" classname="test10.yueni.android.myprofile.Test05MyProfilePage"/>
  <testcase name="TestFir05stClickMenstruationAssistant" time="4.880" classname="test10.yueni.android.myprofile.Test05MyProfilePage"/>
  <testcase name="TestFir08stClickMyCollection" time="2.061" classname="test10.yueni.android.myprofile.Test05MyProfilePage"/>
  <testcase name="TestFir03stClickSetMyAddress" time="4.021" classname="test10.yueni.android.myprofile.Test05MyProfilePage"/>
</testsuite> <!-- test10.yueni.android.myprofile.Test05MyProfilePage -->
